0 info it worked if it ends with ok
1 verbose cli [ 'C:\\Program Files\\nodejs\\node.exe',
1 verbose cli   'C:\\Program Files\\nodejs\\node_modules\\npm\\bin\\npm-cli.js',
1 verbose cli   'run',
1 verbose cli   'build' ]
2 info using npm@3.10.10
3 info using node@v6.11.0
4 verbose run-script [ 'prebuild', 'build', 'postbuild' ]
5 info lifecycle walkingroutes@1.0.0~prebuild: walkingroutes@1.0.0
6 silly lifecycle walkingroutes@1.0.0~prebuild: no script for prebuild, continuing
7 info lifecycle walkingroutes@1.0.0~build: walkingroutes@1.0.0
8 verbose lifecycle walkingroutes@1.0.0~build: unsafe-perm in lifecycle true
9 verbose lifecycle walkingroutes@1.0.0~build: PATH: C:\Program Files\nodejs\node_modules\npm\bin\node-gyp-bin;C:\reactJsProjects\WalkingRoutes\node_modules\.bin;C:\Program Files\nodejs\node_modules\npm\bin\node-gyp-bin;C:\reactJsProjects\WalkingRoutes\node_modules\.bin;C:\PROGRA~2\Borland\CBUILD~1\Bin;C:\PROGRA~2\Borland\CBUILD~1\Projects\Bpl;C:\PROGRAM FILES (X86)\COLLABNET;C:\PROGRAM FILES (X86)\EMBARCADERO\RAD STUDIO\10.0\BIN;C:\USERS\PUBLIC\DOCUMENTS\RAD STUDIO\10.0\BPL;C:\PROGRAM FILES (X86)\EMBARCADERO\RAD STUDIO\10.0\BIN64;C:\USERS\PUBLIC\DOCUMENTS\RAD STUDIO\10.0\BPL\WIN64;C:\PROGRAMDATA\ORACLE\JAVA\JAVAPATH;C:\PROGRAM FILES (X86)\CODEGEAR\RAD STUDIO\6.0\BIN;C:\USERS\PUBLIC\DOCUMENTS\RAD STUDIO\6.0\BPL;C:\PROGRA~2\BORLAND\CBUILD~1\BIN;C:\PROGRA~2\BORLAND\CBUILD~1\PROJECTS\BPL;C:\PROGRAM FILES (X86)\PC CONNECTIVITY SOLUTION\;C:\PROGRAM FILES\BROADCOM\BROADCOM 802.11 NETWORK ADAPTER;C:\PROGRAM FILES (X86)\INTEL\ICLS CLIENT\;C:\PROGRAM FILES\INTEL\ICLS CLIENT\;C:\PROGRAM FILES (X86)\NVIDIA CORPORATION\PHYSX\COMMON;C:\WINDOWS\SYSTEM32;C:\WINDOWS;C:\WINDOWS\SYSTEM32\WBEM;C:\WINDOWS\SYSTEM32\WINDOWSPOWERSHELL\V1.0\;C:\PROGRAM FILES (X86)\INTEL\OPENCL SDK\2.0\BIN\X86;C:\PROGRAM FILES (X86)\INTEL\OPENCL SDK\2.0\BIN\X64;C:\PROGRAM FILES\INTEL\INTEL(R) MANAGEMENT ENGINE COMPONENTS\DAL;C:\PROGRAM FILES\INTEL\INTEL(R) MANAGEMENT ENGINE COMPONENTS\IPT;C:\PROGRAM FILES (X86)\INTEL\INTEL(R) MANAGEMENT ENGINE COMPONENTS\DAL;C:\PROGRAM FILES (X86)\INTEL\INTEL(R) MANAGEMENT ENGINE COMPONENTS\IPT;C:\FPC\2.6.0\BIN\I386-WIN32;C:\PROGRAM FILES (X86)\BORLAND\DELPHI7\BIN;C:\PROGRAM FILES (X86)\BORLAND\DELPHI7\PROJECTS\BPL;C:\PROGRAM FILES\MATLAB\R2013A\RUNTIME\WIN64;C:\PROGRAM FILES\MATLAB\R2013A\BIN;C:\PROGRAM FILES (X86)\MICROSOFT SQL SERVER\100\TOOLS\BINN\;C:\PROGRAM FILES (X86)\MICROSOFT SQL SERVER\100\DTS\BINN\;C:\PROGRAM FILES\MICROSOFT\WEB PLATFORM INSTALLER\;C:\PROGRAM FILES (X86)\MICROSOFT ASP.NET\ASP.NET WEB PAGES\V1.0\;C:\PROGRAM FILES (X86)\WINDOWS KITS\8.0\WINDOWS PERFORMANCE TOOLKIT\;C:\PROGRAM FILES\MICROSOFT SQL SERVER\110\TOOLS\BINN\;C:\Program Files\Microsoft SQL Server\120\Tools\Binn\;C:\WINDOWS\system32;C:\WINDOWS;C:\WINDOWS\System32\Wbem;C:\WINDOWS\System32\WindowsPowerShell\v1.0\;C:\Program Files\doxygen\bin;C:\Program Files (x86)\Windows Live\Shared;C:\Program Files\MiKTeX 2.9\miktex\bin\x64\;C:\Program Files (x86)\GtkSharp\2.12\bin;C:\Program Files\Common Files\Autodesk Shared\;C:\Program Files (x86)\Autodesk\Backburner\;C:\Program Files (x86)\Skype\Phone\;C:\Program Files\nodejs\;C:\FPC\2.6.4\bin\i386-Win32;C:\Program Files\Git\cmd;C:\Ruby24-x64\bin;C:\Users\Public\Documents\RAD Studio\6.0\BPL;C:\Users\Public\Documents\RAD Studio\5.0\BPL;C:\Program Files\Intel\WiFi\bin\;C:\Program Files\Common Files\Intel\WirelessCommon\;C:\Users\Саша\AppData\Local\Microsoft\WindowsApps;C:\Users\Саша\AppData\Roaming\npm;C:\Android\sdk\platform-tools;C:\Program Files\Heroku\bin
10 verbose lifecycle walkingroutes@1.0.0~build: CWD: C:\reactJsProjects\WalkingRoutes
11 silly lifecycle walkingroutes@1.0.0~build: Args: [ '/d /s /c',
11 silly lifecycle   'webpack -d && cp src/index.html dist/index.html && webpack-dev-server --content-base src/ --inline --hot' ]
12 verbose stack Error: kill ENOSYS
12 verbose stack     at exports._errnoException (util.js:1018:11)
12 verbose stack     at process.kill (internal/process.js:190:13)
12 verbose stack     at process.listener (C:\Program Files\nodejs\node_modules\npm\node_modules\npmlog\node_modules\gauge\node_modules\signal-exit\index.js:86:15)
12 verbose stack     at emitNone (events.js:91:20)
12 verbose stack     at process.emit (events.js:185:7)
12 verbose stack     at processEmit (C:\Program Files\nodejs\node_modules\npm\node_modules\npmlog\node_modules\gauge\node_modules\signal-exit\index.js:146:32)
12 verbose stack     at processEmit (C:\Program Files\nodejs\node_modules\npm\node_modules\npm-registry-client\node_modules\npmlog\node_modules\gauge\node_modules\signal-exit\index.js:146:32)
12 verbose stack     at Signal.wrap.onsignal (internal/process.js:217:44)
13 verbose cwd C:\reactJsProjects\WalkingRoutes
14 error Windows_NT 10.0.15063
15 error argv "C:\\Program Files\\nodejs\\node.exe" "C:\\Program Files\\nodejs\\node_modules\\npm\\bin\\npm-cli.js" "run" "build"
16 error node v6.11.0
17 error npm  v3.10.10
18 error code ENOSYS
19 error errno ENOSYS
20 error syscall kill
21 error kill ENOSYS
22 error If you need help, you may report this error at:
22 error     <https://github.com/npm/npm/issues>
23 verbose exit [ 1, true ]
